<?xml version="1.0" encoding="UTF-8"?>
<!-- Generated by org.testng.reporters.JUnitReportReporter -->
<testsuite hostname="LAPTOP-M81C0ERQ" failures="0" tests="4" name="TestCases.LoginPageTest" time="9.424" errors="0" timestamp="2022-06-27T18:48:36 IST" skipped="1">
  <testcase classname="TestCases.LoginPageTest" name="verifykiteLogoTest" time="5.313"/>
  <system-out/>
  <testcase classname="TestCases.LoginPageTest" name="verifyzerodhaLogoTest" time="2.041"/>
  <system-out/>
  <testcase classname="TestCases.LoginPageTest" name="verifyTitleTest" time="2.070"/>
  <system-out/>
  <testcase classname="TestCases.LoginPageTest" name="loginToAppTest">
    <skipped/>
  </testcase> <!-- loginToAppTest -->
  <system-out/>
</testsuite> <!-- TestCases.LoginPageTest -->
