<?xml version="1.0" encoding="UTF-8"?>
<!-- Generated by org.testng.reporters.JUnitReportReporter -->
<testsuite hostname="LAPTOP-M81C0ERQ" failures="0" tests="3" name="TestCases.ParallelTest" time="37.645" errors="0" timestamp="2022-06-22T19:43:05 IST" skipped="0">
  <testcase classname="TestCases.ParallelTest" name="openGoogle" time="11.435"/>
  <system-out/>
  <testcase classname="TestCases.ParallelTest" name="openFB" time="12.555"/>
  <system-out/>
  <testcase classname="TestCases.ParallelTest" name="openAmazon" time="13.655"/>
  <system-out/>
</testsuite> <!-- TestCases.ParallelTest -->
