<?xml version="1.0" encoding="UTF-8"?>
<!-- Generated by org.testng.reporters.JUnitReportReporter -->
<testsuite hostname="LAPTOP-M81C0ERQ" failures="0" tests="8" name="TestCases.PriorityTest$PriortyTest" time="30.541" errors="0" timestamp="2022-06-13T11:30:42 IST" skipped="0">
  <testcase classname="TestCases.PriorityTest$PriortyTest" name="loginToAppTest" time="18.419"/>
  <system-out>
    <![CDATA[Execute logintoapp test]]>
  </system-out>
  <testcase classname="TestCases.PriorityTest$PriortyTest" name="verifyTitleTest" time="1.759"/>
  <system-out>
    <![CDATA[Execute verify title test]]>
  </system-out>
  <testcase classname="TestCases.PriorityTest$PriortyTest" name="verifyTitleTest" time="1.603"/>
  <system-out>
    <![CDATA[Execute verify title test]]>
  </system-out>
  <testcase classname="TestCases.PriorityTest$PriortyTest" name="verifyTitleTest" time="1.681"/>
  <system-out>
    <![CDATA[Execute verify title test]]>
  </system-out>
  <testcase classname="TestCases.PriorityTest$PriortyTest" name="verifyTitleTest" time="1.923"/>
  <system-out>
    <![CDATA[Execute verify title test]]>
  </system-out>
  <testcase classname="TestCases.PriorityTest$PriortyTest" name="verifyTitleTest" time="1.658"/>
  <system-out>
    <![CDATA[Execute verify title test]]>
  </system-out>
  <testcase classname="TestCases.PriorityTest$PriortyTest" name="verifykiteLogoTest" time="1.670"/>
  <system-out>
    <![CDATA[Execute kitelogo test]]>
  </system-out>
  <testcase classname="TestCases.PriorityTest$PriortyTest" name="verifyzerodhaLogoTest" time="1.828"/>
  <system-out>
    <![CDATA[Execute zerodhalogo test]]>
  </system-out>
</testsuite> <!-- TestCases.PriorityTest$PriortyTest -->
