<?xml version="1.0" encoding="UTF-8"?>
<!-- Generated by org.testng.reporters.JUnitReportReporter -->
<testsuite hostname="LAPTOP-M81C0ERQ" failures="0" tests="4" name="TestCases.TimeOutTest$LoginPageTest" time="9.536" errors="0" timestamp="2022-06-13T18:22:05 IST" skipped="1">
  <testcase classname="TestCases.TimeOutTest$LoginPageTest" name="verifyTitleTest" time="2.587"/>
  <system-out/>
  <testcase classname="TestCases.TimeOutTest$LoginPageTest" name="verifykiteLogoTest" time="3.902"/>
  <system-out/>
  <testcase classname="TestCases.TimeOutTest$LoginPageTest" name="verifyzerodhaLogoTest" time="3.047"/>
  <system-out/>
  <testcase classname="TestCases.TimeOutTest$LoginPageTest" name="loginToAppTest">
    <skipped/>
  </testcase> <!-- loginToAppTest -->
  <system-out/>
</testsuite> <!-- TestCases.TimeOutTest$LoginPageTest -->
