<?xml version="1.0" encoding="UTF-8"?>
<!-- Generated by org.testng.reporters.JUnitReportReporter -->
<testsuite hostname="LAPTOP-M81C0ERQ" failures="0" tests="4" name="TestCases.Grouping" time="23.317" errors="0" timestamp="2022-06-13T20:16:07 IST" skipped="0">
  <testcase classname="TestCases.Grouping" name="verifyTitleTest" time="1.708"/>
  <system-out/>
  <testcase classname="TestCases.Grouping" name="verifykiteLogoTest" time="2.834"/>
  <system-out/>
  <testcase classname="TestCases.Grouping" name="loginToAppTest" time="16.957"/>
  <system-out/>
  <testcase classname="TestCases.Grouping" name="verifyzerodhaLogoTest" time="1.818"/>
  <system-out/>
</testsuite> <!-- TestCases.Grouping -->
